com_facebook_android/build/outputs/logs/manifest-merger-debug-report.txt
-- Merging decision tree log ---
manifest
ADDED from src/main/AndroidManifest.xml:18:1-21:12
INJECTED from src/main/AndroidManifest.xml:18:1-21:12
INJECTED from src/main/AndroidManifest.xml:18:1-21:12
	package
		ADDED from src/main/AndroidManifest.xml:19:7-37
		INJECTED from src/main/AndroidManifest.xml
		INJECTED from src/main/AndroidManifest.xml
	xmlns:android
		ADDED from src/main/AndroidManifest.xml:18:11-69
application
ADDED from src/main/AndroidManifest.xml:20:5-19